<?xml version="1.0" encoding="UTF-8"?>
<!-- Generated by org.testng.reporters.JUnitXMLReporter -->
<testsuite hostname="DESKTOP-RDKVEKK" ignored="0" name="Default test" tests="2" failures="0" timestamp="05 Nov 2017 03:48:27 GMT" time="0.111" errors="0">
  <testcase name="verifyRegistrationProcess" time="0.032" classname="com.k2js.excellearning.practice.ExcelReadWrite"/>
  <testcase name="verifyRegistrationProcess" time="0.0" classname="com.k2js.excellearning.practice.ExcelReadWrite"/>
</testsuite> <!-- Default test -->
